DEBUG main io.netty.util.internal.logging.InternalLoggerFactory - Using SLF4J as the default logging framework
DEBUG main io.netty.util.internal.PlatformDependent0 - java.nio.Buffer.address: available
DEBUG main io.netty.util.internal.PlatformDependent0 - sun.misc.Unsafe.theUnsafe: available
DEBUG main io.netty.util.internal.PlatformDependent0 - sun.misc.Unsafe.copyMemory: available
DEBUG main io.netty.util.internal.PlatformDependent0 - direct buffer constructor: available
DEBUG main io.netty.util.internal.PlatformDependent0 - java.nio.Bits.unaligned: available, true
DEBUG main io.netty.util.internal.PlatformDependent0 - java.nio.DirectByteBuffer.<init>(long, int): available
DEBUG main io.netty.util.internal.Cleaner0 - java.nio.ByteBuffer.cleaner(): available
DEBUG main io.netty.util.internal.PlatformDependent - Platform: Windows
DEBUG main io.netty.util.internal.PlatformDependent - Java version: 8
DEBUG main io.netty.util.internal.PlatformDependent - -Dio.netty.noUnsafe: false
DEBUG main io.netty.util.internal.PlatformDependent - sun.misc.Unsafe: available
DEBUG main io.netty.util.internal.PlatformDependent - -Dio.netty.noJavassist: false
DEBUG main io.netty.util.internal.PlatformDependent - Javassist: available
DEBUG main io.netty.util.internal.PlatformDependent - -Dio.netty.tmpdir: C:\Users\jianyang\AppData\Local\Temp (java.io.tmpdir)
DEBUG main io.netty.util.internal.PlatformDependent - -Dio.netty.bitMode: 64 (sun.arch.data.model)
DEBUG main io.netty.util.internal.PlatformDependent - -Dio.netty.noPreferDirect: false
DEBUG main io.netty.util.internal.PlatformDependent - io.netty.maxDirectMemory: 3666870272 bytes
INFO main org.apache.curator.framework.imps.CuratorFrameworkImpl - Starting
DEBUG main org.apache.curator.CuratorZookeeperClient - Starting
DEBUG main org.apache.curator.ConnectionState - Starting
DEBUG main org.apache.curator.ConnectionState - reset
INFO main org.apache.zookeeper.ZooKeeper - Client environment:zookeeper.version=3.4.14-4c25d480e66aadd371de8bd2fd8da255ac140bcf, built on 03/06/2019 16:18 GMT
INFO main org.apache.zookeeper.ZooKeeper - Client environment:host.name=IU.mshome.net
INFO main org.apache.zookeeper.ZooKeeper - Client environment:java.version=1.8.0_281
INFO main org.apache.zookeeper.ZooKeeper - Client environment:java.vendor=Oracle Corporation
INFO main org.apache.zookeeper.ZooKeeper - Client environment:java.home=D:\software\jdk1.8.0_281\jre
INFO main org.apache.zookeeper.ZooKeeper - Client environment:java.class.path=D:\software\jdk1.8.0_281\jre\lib\charsets.jar;D:\software\jdk1.8.0_281\jre\lib\deploy.jar;D:\software\jdk1.8.0_281\jre\lib\ext\access-bridge-64.jar;D:\software\jdk1.8.0_281\jre\lib\ext\cldrdata.jar;D:\software\jdk1.8.0_281\jre\lib\ext\dnsns.jar;D:\software\jdk1.8.0_281\jre\lib\ext\jaccess.jar;D:\software\jdk1.8.0_281\jre\lib\ext\jfxrt.jar;D:\software\jdk1.8.0_281\jre\lib\ext\localedata.jar;D:\software\jdk1.8.0_281\jre\lib\ext\nashorn.jar;D:\software\jdk1.8.0_281\jre\lib\ext\sunec.jar;D:\software\jdk1.8.0_281\jre\lib\ext\sunjce_provider.jar;D:\software\jdk1.8.0_281\jre\lib\ext\sunmscapi.jar;D:\software\jdk1.8.0_281\jre\lib\ext\sunpkcs11.jar;D:\software\jdk1.8.0_281\jre\lib\ext\zipfs.jar;D:\software\jdk1.8.0_281\jre\lib\javaws.jar;D:\software\jdk1.8.0_281\jre\lib\jce.jar;D:\software\jdk1.8.0_281\jre\lib\jfr.jar;D:\software\jdk1.8.0_281\jre\lib\jfxswt.jar;D:\software\jdk1.8.0_281\jre\lib\jsse.jar;D:\software\jdk1.8.0_281\jre\lib\management-agent.jar;D:\software\jdk1.8.0_281\jre\lib\plugin.jar;D:\software\jdk1.8.0_281\jre\lib\resources.jar;D:\software\jdk1.8.0_281\jre\lib\rt.jar;E:\code\ltyzzz-rpc-master\rpc-provider\rpc-provider-demo\target\classes;E:\code\ltyzzz-rpc-master\rpc-core\target\classes;E:\code\ltyzzz-rpc-master\rpc-interface\target\classes;D:\software\repository\maven_repository\com\esotericsoftware\kryo-shaded\3.0.3\kryo-shaded-3.0.3.jar;D:\software\repository\maven_repository\com\esotericsoftware\minlog\1.3.0\minlog-1.3.0.jar;D:\software\repository\maven_repository\org\objenesis\objenesis\2.1\objenesis-2.1.jar;D:\software\repository\maven_repository\com\caucho\hessian\4.0.62\hessian-4.0.62.jar;D:\software\repository\maven_repository\org\apache\curator\curator-framework\2.12.0\curator-framework-2.12.0.jar;D:\software\repository\maven_repository\org\apache\curator\curator-client\2.12.0\curator-client-2.12.0.jar;D:\software\repository\maven_repository\org\apache\zookeeper\zookeeper\3.4.14\zookeeper-3.4.14.jar;D:\software\repository\maven_repository\org\slf4j\slf4j-log4j12\1.7.25\slf4j-log4j12-1.7.25.jar;D:\software\repository\maven_repository\com\github\spotbugs\spotbugs-annotations\3.1.9\spotbugs-annotations-3.1.9.jar;D:\software\repository\maven_repository\log4j\log4j\1.2.17\log4j-1.2.17.jar;D:\software\repository\maven_repository\jline\jline\0.9.94\jline-0.9.94.jar;D:\software\repository\maven_repository\org\apache\yetus\audience-annotations\0.5.0\audience-annotations-0.5.0.jar;D:\software\repository\maven_repository\io\netty\netty\3.10.6.Final\netty-3.10.6.Final.jar;D:\software\repository\maven_repository\com\101tec\zkclient\0.7\zkclient-0.7.jar;D:\software\repository\maven_repository\org\javassist\javassist\3.21.0-GA\javassist-3.21.0-GA.jar;D:\software\repository\maven_repository\io\netty\netty-all\4.1.6.Final\netty-all-4.1.6.Final.jar;D:\software\repository\maven_repository\org\slf4j\slf4j-api\1.7.13\slf4j-api-1.7.13.jar;D:\software\repository\maven_repository\com\alibaba\fastjson\1.2.29\fastjson-1.2.29.jar;D:\software\repository\maven_repository\org\jboss\marshalling\jboss-marshalling-river\1.4.11.Final\jboss-marshalling-river-1.4.11.Final.jar;D:\software\repository\maven_repository\org\jboss\marshalling\jboss-marshalling\1.4.11.Final\jboss-marshalling-1.4.11.Final.jar;D:\software\repository\maven_repository\org\jboss\marshalling\jboss-marshalling-serial\1.4.11.Final\jboss-marshalling-serial-1.4.11.Final.jar;E:\code\ltyzzz-rpc-master\rpc-spring-starter\target\classes;D:\software\repository\maven_repository\org\springframework\boot\spring-boot-starter-web\2.1.13.RELEASE\spring-boot-starter-web-2.1.13.RELEASE.jar;D:\software\repository\maven_repository\org\springframework\boot\spring-boot-starter\2.1.13.RELEASE\spring-boot-starter-2.1.13.RELEASE.jar;D:\software\repository\maven_repository\org\springframework\boot\spring-boot\2.1.13.RELEASE\spring-boot-2.1.13.RELEASE.jar;D:\software\repository\maven_repository\org\springframework\boot\spring-boot-autoconfigure\2.1.13.RELEASE\spring-boot-autoconfigure-2.1.13.RELEASE.jar;D:\software\repository\maven_repository\org\springframework\boot\spring-boot-starter-logging\2.1.13.RELEASE\spring-boot-starter-logging-2.1.13.RELEASE.jar;D:\software\repository\maven_repository\org\apache\logging\log4j\log4j-to-slf4j\2.11.2\log4j-to-slf4j-2.11.2.jar;D:\software\repository\maven_repository\org\apache\logging\log4j\log4j-api\2.11.2\log4j-api-2.11.2.jar;D:\software\repository\maven_repository\org\slf4j\jul-to-slf4j\1.7.30\jul-to-slf4j-1.7.30.jar;D:\software\repository\maven_repository\javax\annotation\javax.annotation-api\1.3.2\javax.annotation-api-1.3.2.jar;D:\software\repository\maven_repository\org\springframework\spring-core\5.1.14.RELEASE\spring-core-5.1.14.RELEASE.jar;D:\software\repository\maven_repository\org\springframework\spring-jcl\5.1.14.RELEASE\spring-jcl-5.1.14.RELEASE.jar;D:\software\repository\maven_repository\org\yaml\snakeyaml\1.23\snakeyaml-1.23.jar;D:\software\repository\maven_repository\org\springframework\boot\spring-boot-starter-json\2.1.13.RELEASE\spring-boot-starter-json-2.1.13.RELEASE.jar;D:\software\repository\maven_repository\com\fasterxml\jackson\core\jackson-databind\2.9.10.3\jackson-databind-2.9.10.3.jar;D:\software\repository\maven_repository\com\fasterxml\jackson\core\jackson-annotations\2.9.10\jackson-annotations-2.9.10.jar;D:\software\repository\maven_repository\com\fasterxml\jackson\core\jackson-core\2.9.10\jackson-core-2.9.10.jar;D:\software\repository\maven_repository\com\fasterxml\jackson\datatype\jackson-datatype-jdk8\2.9.10\jackson-datatype-jdk8-2.9.10.jar;D:\software\repository\maven_repository\com\fasterxml\jackson\datatype\jackson-datatype-jsr310\2.9.10\jackson-datatype-jsr310-2.9.10.jar;D:\software\repository\maven_repository\com\fasterxml\jackson\module\jackson-module-parameter-names\2.9.10\jackson-module-parameter-names-2.9.10.jar;D:\software\repository\maven_repository\org\springframework\boot\spring-boot-starter-tomcat\2.1.13.RELEASE\spring-boot-starter-tomcat-2.1.13.RELEASE.jar;D:\software\repository\maven_repository\org\apache\tomcat\embed\tomcat-embed-core\9.0.31\tomcat-embed-core-9.0.31.jar;D:\software\repository\maven_repository\org\apache\tomcat\embed\tomcat-embed-el\9.0.31\tomcat-embed-el-9.0.31.jar;D:\software\repository\maven_repository\org\apache\tomcat\embed\tomcat-embed-websocket\9.0.31\tomcat-embed-websocket-9.0.31.jar;D:\software\repository\maven_repository\org\hibernate\validator\hibernate-validator\6.0.18.Final\hibernate-validator-6.0.18.Final.jar;D:\software\repository\maven_repository\javax\validation\validation-api\2.0.1.Final\validation-api-2.0.1.Final.jar;D:\software\repository\maven_repository\org\jboss\logging\jboss-logging\3.3.2.Final\jboss-logging-3.3.2.Final.jar;D:\software\repository\maven_repository\com\fasterxml\classmate\1.3.4\classmate-1.3.4.jar;D:\software\repository\maven_repository\org\springframework\spring-web\5.1.14.RELEASE\spring-web-5.1.14.RELEASE.jar;D:\software\repository\maven_repository\org\springframework\spring-beans\5.1.14.RELEASE\spring-beans-5.1.14.RELEASE.jar;D:\software\repository\maven_repository\org\springframework\spring-webmvc\5.1.14.RELEASE\spring-webmvc-5.1.14.RELEASE.jar;D:\software\repository\maven_repository\org\springframework\spring-aop\5.1.14.RELEASE\spring-aop-5.1.14.RELEASE.jar;D:\software\repository\maven_repository\org\springframework\spring-context\5.1.14.RELEASE\spring-context-5.1.14.RELEASE.jar;D:\software\repository\maven_repository\org\springframework\spring-expression\5.1.14.RELEASE\spring-expression-5.1.14.RELEASE.jar;D:\software\repository\maven_repository\com\google\guava\guava\30.1.1-jre\guava-30.1.1-jre.jar;D:\software\repository\maven_repository\com\google\guava\failureaccess\1.0.1\failureaccess-1.0.1.jar;D:\software\repository\maven_repository\com\google\guava\listenablefuture\9999.0-empty-to-avoid-conflict-with-guava\listenablefuture-9999.0-empty-to-avoid-conflict-with-guava.jar;D:\software\repository\maven_repository\com\google\code\findbugs\jsr305\3.0.2\jsr305-3.0.2.jar;D:\software\repository\maven_repository\org\checkerframework\checker-qual\3.8.0\checker-qual-3.8.0.jar;D:\software\repository\maven_repository\com\google\errorprone\error_prone_annotations\2.5.1\error_prone_annotations-2.5.1.jar;D:\software\repository\maven_repository\com\google\j2objc\j2objc-annotations\1.3\j2objc-annotations-1.3.jar;D:\software\repository\maven_repository\org\slf4j\slf4j-simple\1.7.25\slf4j-simple-1.7.25.jar;E:\IntelliJ IDEA 2020.1.1\lib\idea_rt.jar
INFO main org.apache.zookeeper.ZooKeeper - Client environment:java.library.path=D:\software\jdk1.8.0_281\bin;C:\WINDOWS\Sun\Java\bin;C:\WINDOWS\system32;C:\WINDOWS;E:\中软实训\bin\;C:\Program Files (x86)\Common Files\Oracle\Java\javapath;C:\Program Files\Common Files\Oracle\Java\javapath;C:\Program Files\Microsoft MPI\Bin\;C:\WINDOWS\system32;C:\WINDOWS;C:\WINDOWS\System32\Wbem;C:\WINDOWS\System32\WindowsPowerShell\v1.0\;C:\WINDOWS\System32\OpenSSH\;C:\Program Files\Microsoft SQL Server\110\Tools\Binn\;C:\Program Files (x86)\Microsoft SDKs\TypeScript\1.0\;C:\Program Files\Microsoft SQL Server\120\Tools\Binn\;C:\Program Files\Microsoft SQL Server\130\Tools\Binn\;C:\Program Files (x86)\Microsoft SQL Server\100\Tools\Binn\;C:\Program Files\Microsoft SQL Server\100\Tools\Binn\;C:\Program Files\Microsoft SQL Server\100\DTS\Binn\;C:\Program Files (x86)\Microsoft SQL Server\100\Tools\Binn\VSShell\Common7\IDE\;C:\Program Files (x86)\Microsoft Visual Studio 9.0\Common7\IDE\PrivateAssemblies\;C:\Program Files (x86)\Microsoft SQL Server\100\DTS\Binn\;C:\Program Files\dotnet\;C:\Program Files\Microsoft SQL Server\Client SDK\ODBC\170\Tools\Binn\;C:\Program Files (x86)\Microsoft SQL Server\140\Tools\Binn\;C:\Program Files\Microsoft SQL Server\140\Tools\Binn\;C:\Program Files (x86)\Microsoft SQL Server\140\DTS\Binn\;C:\Program Files\Microsoft SQL Server\140\DTS\Binn\;C:\Program Files\Microsoft SQL Server\Client SDK\ODBC\130\Tools\Binn\;C:\Program Files (x86)\Microsoft SQL Server\150\DTS\Binn\;C:\Program Files\Azure Data Studio\bin;D:\software\apache-tomcat-8.5.81\lib;D:\software\apache-tomcat-8.5.81\bin;D:\software\jdk1.8.0_281\bin;"D:\software\jdk1.8.0_281\bin;D:\software\jdk1.8.0_281\jre\bin;";D:\software\apache-maven-3.6.3\bin;D:\Git\Git\cmd;D:\software\;E:\RabbitMQ\erlang\erl-23.3\bin;E:\RabbitMQ\rabbitmq\rabbitmq_server-3.8.9\sbin;C:\Users\jianyang\AppData\Roaming\nvm;C:\Program Files\nodejs;C:\Program Files (x86)\NetSarang\Xshell 7\;C:\Users\jianyang\AppData\Local\Microsoft\WindowsApps;C:\Users\jianyang\AppData\Local\Microsoft\WindowsApps;D:\软件\Microsoft VS Code\bin;C:\Users\jianyang\.dotnet\tools;C:\Program Files\Azure Data Studio\bin;C:\Users\jianyang\AppData\Local\GitHubDesktop\bin;D:\迅雷下载\opencv\build\x64\vc14\bin;D:\software\apache-tomcat-8.5.81\bin;D:\software\apache-tomcat-8.5.81\lib;D:\software\jdk1.8.0_281\bin;C:\Users\jianyang\AppData\Roaming\npm;E:\IntelliJ IDEA 2020.1.1\bin;;C:\Users\jianyang\AppData\Roaming\nvm;C:\Program Files\nodejs;.
INFO main org.apache.zookeeper.ZooKeeper - Client environment:java.io.tmpdir=C:\Users\jianyang\AppData\Local\Temp\
INFO main org.apache.zookeeper.ZooKeeper - Client environment:java.compiler=<NA>
INFO main org.apache.zookeeper.ZooKeeper - Client environment:os.name=Windows 10
INFO main org.apache.zookeeper.ZooKeeper - Client environment:os.arch=amd64
INFO main org.apache.zookeeper.ZooKeeper - Client environment:os.version=10.0
INFO main org.apache.zookeeper.ZooKeeper - Client environment:user.name=jianyang
INFO main org.apache.zookeeper.ZooKeeper - Client environment:user.home=C:\Users\jianyang
INFO main org.apache.zookeeper.ZooKeeper - Client environment:user.dir=E:\code\ltyzzz-rpc-master
INFO main org.apache.zookeeper.ZooKeeper - Initiating client connection, connectString=localhost:2181 sessionTimeout=60000 watcher=org.apache.curator.ConnectionState@3b088d51
DEBUG main org.apache.zookeeper.ClientCnxn - zookeeper.disableAutoWatchReset is false
DEBUG main-SendThread(localhost:2181) org.apache.zookeeper.SaslServerPrincipal - Canonicalized address to localhost
INFO main-SendThread(localhost:2181) org.apache.zookeeper.ClientCnxn - Opening socket connection to server localhost/127.0.0.1:2181. Will not attempt to authenticate using SASL (unknown error)
DEBUG main io.netty.channel.MultithreadEventLoopGroup - -Dio.netty.eventLoopThreads: 32
DEBUG main io.netty.channel.nio.NioEventLoop - -Dio.netty.noKeySetOptimization: false
DEBUG main io.netty.channel.nio.NioEventLoop - -Dio.netty.selectorAutoRebuildThreshold: 512
DEBUG main io.netty.util.internal.PlatformDependent - org.jctools-core.MpscChunkedArrayQueue: available
DEBUG main io.netty.channel.DefaultChannelId - -Dio.netty.processId: 25240 (auto-detected)
DEBUG main io.netty.util.NetUtil - -Djava.net.preferIPv4Stack: false
DEBUG main io.netty.util.NetUtil - -Djava.net.preferIPv6Addresses: false
INFO main-SendThread(localhost:2181) org.apache.zookeeper.ClientCnxn - Socket error occurred: localhost/127.0.0.1:2181: Connection refused: no further information
DEBUG main-SendThread(localhost:2181) org.apache.zookeeper.ClientCnxnSocketNIO - Ignoring exception during shutdown input
java.nio.channels.ClosedChannelException
	at sun.nio.ch.SocketChannelImpl.shutdownInput(SocketChannelImpl.java:778)
	at sun.nio.ch.SocketAdaptor.shutdownInput(SocketAdaptor.java:399)
	at org.apache.zookeeper.ClientCnxnSocketNIO.cleanup(ClientCnxnSocketNIO.java:200)
	at org.apache.zookeeper.ClientCnxn$SendThread.cleanup(ClientCnxn.java:1246)
	at org.apache.zookeeper.ClientCnxn$SendThread.run(ClientCnxn.java:1170)
DEBUG main-SendThread(localhost:2181) org.apache.zookeeper.ClientCnxnSocketNIO - Ignoring exception during shutdown output
java.nio.channels.ClosedChannelException
	at sun.nio.ch.SocketChannelImpl.shutdownOutput(SocketChannelImpl.java:795)
	at sun.nio.ch.SocketAdaptor.shutdownOutput(SocketAdaptor.java:407)
	at org.apache.zookeeper.ClientCnxnSocketNIO.cleanup(ClientCnxnSocketNIO.java:207)
	at org.apache.zookeeper.ClientCnxn$SendThread.cleanup(ClientCnxn.java:1246)
	at org.apache.zookeeper.ClientCnxn$SendThread.run(ClientCnxn.java:1170)
DEBUG main io.netty.util.NetUtil - Loopback interface: lo (Software Loopback Interface 1, 127.0.0.1)
DEBUG main io.netty.util.NetUtil - \proc\sys\net\core\somaxconn: 200 (non-existent)
DEBUG main-SendThread(localhost:2181) org.apache.zookeeper.SaslServerPrincipal - Canonicalized address to localhost
INFO main-SendThread(localhost:2181) org.apache.zookeeper.ClientCnxn - Opening socket connection to server localhost/127.0.0.1:2181. Will not attempt to authenticate using SASL (unknown error)
DEBUG main io.netty.channel.DefaultChannelId - -Dio.netty.machineId: 00:50:56:ff:fe:c0:00:08 (auto-detected)
DEBUG main io.netty.util.internal.ThreadLocalRandom - -Dio.netty.initialSeedUniquifier: 0x92703b1eca42059c
DEBUG main io.netty.util.ResourceLeakDetector - -Dio.netty.leakDetection.level: simple
DEBUG main io.netty.util.ResourceLeakDetector - -Dio.netty.leakDetection.maxRecords: 4
DEBUG main io.netty.buffer.PooledByteBufAllocator - -Dio.netty.allocator.numHeapArenas: 32
DEBUG main io.netty.buffer.PooledByteBufAllocator - -Dio.netty.allocator.numDirectArenas: 32
DEBUG main io.netty.buffer.PooledByteBufAllocator - -Dio.netty.allocator.pageSize: 8192
DEBUG main io.netty.buffer.PooledByteBufAllocator - -Dio.netty.allocator.maxOrder: 11
DEBUG main io.netty.buffer.PooledByteBufAllocator - -Dio.netty.allocator.chunkSize: 16777216
DEBUG main io.netty.buffer.PooledByteBufAllocator - -Dio.netty.allocator.tinyCacheSize: 512
DEBUG main io.netty.buffer.PooledByteBufAllocator - -Dio.netty.allocator.smallCacheSize: 256
DEBUG main io.netty.buffer.PooledByteBufAllocator - -Dio.netty.allocator.normalCacheSize: 64
DEBUG main io.netty.buffer.PooledByteBufAllocator - -Dio.netty.allocator.maxCachedBufferCapacity: 32768
DEBUG main io.netty.buffer.PooledByteBufAllocator - -Dio.netty.allocator.cacheTrimInterval: 8192
DEBUG main io.netty.buffer.ByteBufUtil - -Dio.netty.allocator.type: pooled
DEBUG main io.netty.buffer.ByteBufUtil - -Dio.netty.threadLocalDirectBufferSize: 65536
DEBUG main io.netty.buffer.ByteBufUtil - -Dio.netty.maxThreadLocalCharBufferSize: 16384
INFO main com.ltyzzz.core.server.Server - [startApplication] server is started!
INFO main-SendThread(localhost:2181) org.apache.zookeeper.ClientCnxn - Socket error occurred: localhost/127.0.0.1:2181: Connection refused: no further information
DEBUG main-SendThread(localhost:2181) org.apache.zookeeper.ClientCnxnSocketNIO - Ignoring exception during shutdown input
java.nio.channels.ClosedChannelException
	at sun.nio.ch.SocketChannelImpl.shutdownInput(SocketChannelImpl.java:778)
	at sun.nio.ch.SocketAdaptor.shutdownInput(SocketAdaptor.java:399)
	at org.apache.zookeeper.ClientCnxnSocketNIO.cleanup(ClientCnxnSocketNIO.java:200)
	at org.apache.zookeeper.ClientCnxn$SendThread.cleanup(ClientCnxn.java:1246)
	at org.apache.zookeeper.ClientCnxn$SendThread.run(ClientCnxn.java:1170)
DEBUG main-SendThread(localhost:2181) org.apache.zookeeper.ClientCnxnSocketNIO - Ignoring exception during shutdown output
java.nio.channels.ClosedChannelException
	at sun.nio.ch.SocketChannelImpl.shutdownOutput(SocketChannelImpl.java:795)
	at sun.nio.ch.SocketAdaptor.shutdownOutput(SocketAdaptor.java:407)
	at org.apache.zookeeper.ClientCnxnSocketNIO.cleanup(ClientCnxnSocketNIO.java:207)
	at org.apache.zookeeper.ClientCnxn$SendThread.cleanup(ClientCnxn.java:1246)
	at org.apache.zookeeper.ClientCnxn$SendThread.run(ClientCnxn.java:1170)
DEBUG main-SendThread(localhost:2181) org.apache.zookeeper.SaslServerPrincipal - Canonicalized address to localhost
INFO main-SendThread(localhost:2181) org.apache.zookeeper.ClientCnxn - Opening socket connection to server localhost/0:0:0:0:0:0:0:1:2181. Will not attempt to authenticate using SASL (unknown error)
INFO main-SendThread(localhost:2181) org.apache.zookeeper.ClientCnxn - Socket error occurred: localhost/0:0:0:0:0:0:0:1:2181: Connection refused: no further information
DEBUG main-SendThread(localhost:2181) org.apache.zookeeper.ClientCnxnSocketNIO - Ignoring exception during shutdown input
java.nio.channels.ClosedChannelException
	at sun.nio.ch.SocketChannelImpl.shutdownInput(SocketChannelImpl.java:778)
	at sun.nio.ch.SocketAdaptor.shutdownInput(SocketAdaptor.java:399)
	at org.apache.zookeeper.ClientCnxnSocketNIO.cleanup(ClientCnxnSocketNIO.java:200)
	at org.apache.zookeeper.ClientCnxn$SendThread.cleanup(ClientCnxn.java:1246)
	at org.apache.zookeeper.ClientCnxn$SendThread.run(ClientCnxn.java:1170)
DEBUG main-SendThread(localhost:2181) org.apache.zookeeper.ClientCnxnSocketNIO - Ignoring exception during shutdown output
java.nio.channels.ClosedChannelException
	at sun.nio.ch.SocketChannelImpl.shutdownOutput(SocketChannelImpl.java:795)
	at sun.nio.ch.SocketAdaptor.shutdownOutput(SocketAdaptor.java:407)
	at org.apache.zookeeper.ClientCnxnSocketNIO.cleanup(ClientCnxnSocketNIO.java:207)
	at org.apache.zookeeper.ClientCnxn$SendThread.cleanup(ClientCnxn.java:1246)
	at org.apache.zookeeper.ClientCnxn$SendThread.run(ClientCnxn.java:1170)
DEBUG main-SendThread(localhost:2181) org.apache.zookeeper.SaslServerPrincipal - Canonicalized address to localhost
INFO main-SendThread(localhost:2181) org.apache.zookeeper.ClientCnxn - Opening socket connection to server localhost/0:0:0:0:0:0:0:1:2181. Will not attempt to authenticate using SASL (unknown error)
INFO main-SendThread(localhost:2181) org.apache.zookeeper.ClientCnxn - Socket error occurred: localhost/0:0:0:0:0:0:0:1:2181: Connection refused: no further information
DEBUG main-SendThread(localhost:2181) org.apache.zookeeper.ClientCnxnSocketNIO - Ignoring exception during shutdown input
java.nio.channels.ClosedChannelException
	at sun.nio.ch.SocketChannelImpl.shutdownInput(SocketChannelImpl.java:778)
	at sun.nio.ch.SocketAdaptor.shutdownInput(SocketAdaptor.java:399)
	at org.apache.zookeeper.ClientCnxnSocketNIO.cleanup(ClientCnxnSocketNIO.java:200)
	at org.apache.zookeeper.ClientCnxn$SendThread.cleanup(ClientCnxn.java:1246)
	at org.apache.zookeeper.ClientCnxn$SendThread.run(ClientCnxn.java:1170)
DEBUG main-SendThread(localhost:2181) org.apache.zookeeper.ClientCnxnSocketNIO - Ignoring exception during shutdown output
java.nio.channels.ClosedChannelException
	at sun.nio.ch.SocketChannelImpl.shutdownOutput(SocketChannelImpl.java:795)
	at sun.nio.ch.SocketAdaptor.shutdownOutput(SocketAdaptor.java:407)
	at org.apache.zookeeper.ClientCnxnSocketNIO.cleanup(ClientCnxnSocketNIO.java:207)
	at org.apache.zookeeper.ClientCnxn$SendThread.cleanup(ClientCnxn.java:1246)
	at org.apache.zookeeper.ClientCnxn$SendThread.run(ClientCnxn.java:1170)
DEBUG main-SendThread(localhost:2181) org.apache.zookeeper.SaslServerPrincipal - Canonicalized address to localhost
INFO main-SendThread(localhost:2181) org.apache.zookeeper.ClientCnxn - Opening socket connection to server localhost/0:0:0:0:0:0:0:1:2181. Will not attempt to authenticate using SASL (unknown error)
INFO main-SendThread(localhost:2181) org.apache.zookeeper.ClientCnxn - Socket error occurred: localhost/0:0:0:0:0:0:0:1:2181: Connection refused: no further information
DEBUG main-SendThread(localhost:2181) org.apache.zookeeper.ClientCnxnSocketNIO - Ignoring exception during shutdown input
java.nio.channels.ClosedChannelException
	at sun.nio.ch.SocketChannelImpl.shutdownInput(SocketChannelImpl.java:778)
	at sun.nio.ch.SocketAdaptor.shutdownInput(SocketAdaptor.java:399)
	at org.apache.zookeeper.ClientCnxnSocketNIO.cleanup(ClientCnxnSocketNIO.java:200)
	at org.apache.zookeeper.ClientCnxn$SendThread.cleanup(ClientCnxn.java:1246)
	at org.apache.zookeeper.ClientCnxn$SendThread.run(ClientCnxn.java:1170)
DEBUG main-SendThread(localhost:2181) org.apache.zookeeper.ClientCnxnSocketNIO - Ignoring exception during shutdown output
java.nio.channels.ClosedChannelException
	at sun.nio.ch.SocketChannelImpl.shutdownOutput(SocketChannelImpl.java:795)
	at sun.nio.ch.SocketAdaptor.shutdownOutput(SocketAdaptor.java:407)
	at org.apache.zookeeper.ClientCnxnSocketNIO.cleanup(ClientCnxnSocketNIO.java:207)
	at org.apache.zookeeper.ClientCnxn$SendThread.cleanup(ClientCnxn.java:1246)
	at org.apache.zookeeper.ClientCnxn$SendThread.run(ClientCnxn.java:1170)
DEBUG main-SendThread(localhost:2181) org.apache.zookeeper.SaslServerPrincipal - Canonicalized address to localhost
INFO main-SendThread(localhost:2181) org.apache.zookeeper.ClientCnxn - Opening socket connection to server localhost/127.0.0.1:2181. Will not attempt to authenticate using SASL (unknown error)
INFO main-SendThread(localhost:2181) org.apache.zookeeper.ClientCnxn - Socket error occurred: localhost/127.0.0.1:2181: Connection refused: no further information
DEBUG main-SendThread(localhost:2181) org.apache.zookeeper.ClientCnxnSocketNIO - Ignoring exception during shutdown input
java.nio.channels.ClosedChannelException
	at sun.nio.ch.SocketChannelImpl.shutdownInput(SocketChannelImpl.java:778)
	at sun.nio.ch.SocketAdaptor.shutdownInput(SocketAdaptor.java:399)
	at org.apache.zookeeper.ClientCnxnSocketNIO.cleanup(ClientCnxnSocketNIO.java:200)
	at org.apache.zookeeper.ClientCnxn$SendThread.cleanup(ClientCnxn.java:1246)
	at org.apache.zookeeper.ClientCnxn$SendThread.run(ClientCnxn.java:1170)
DEBUG main-SendThread(localhost:2181) org.apache.zookeeper.ClientCnxnSocketNIO - Ignoring exception during shutdown output
java.nio.channels.ClosedChannelException
	at sun.nio.ch.SocketChannelImpl.shutdownOutput(SocketChannelImpl.java:795)
	at sun.nio.ch.SocketAdaptor.shutdownOutput(SocketAdaptor.java:407)
	at org.apache.zookeeper.ClientCnxnSocketNIO.cleanup(ClientCnxnSocketNIO.java:207)
	at org.apache.zookeeper.ClientCnxn$SendThread.cleanup(ClientCnxn.java:1246)
	at org.apache.zookeeper.ClientCnxn$SendThread.run(ClientCnxn.java:1170)
DEBUG main-SendThread(localhost:2181) org.apache.zookeeper.SaslServerPrincipal - Canonicalized address to localhost
INFO main-SendThread(localhost:2181) org.apache.zookeeper.ClientCnxn - Opening socket connection to server localhost/0:0:0:0:0:0:0:1:2181. Will not attempt to authenticate using SASL (unknown error)
ERROR Thread-2 org.apache.curator.ConnectionState - Connection timed out for connection string (localhost:2181) and timeout (15000) / elapsed (20332)
org.apache.curator.CuratorConnectionLossException: KeeperErrorCode = ConnectionLoss
	at org.apache.curator.ConnectionState.checkTimeouts(ConnectionState.java:225)
	at org.apache.curator.ConnectionState.getZooKeeper(ConnectionState.java:94)
	at org.apache.curator.CuratorZookeeperClient.getZooKeeper(CuratorZookeeperClient.java:117)
	at org.apache.curator.framework.imps.CuratorFrameworkImpl.getZooKeeper(CuratorFrameworkImpl.java:489)
	at org.apache.curator.framework.imps.ExistsBuilderImpl$3.call(ExistsBuilderImpl.java:237)
	at org.apache.curator.framework.imps.ExistsBuilderImpl$3.call(ExistsBuilderImpl.java:226)
	at org.apache.curator.RetryLoop.callWithRetry(RetryLoop.java:109)
	at org.apache.curator.framework.imps.ExistsBuilderImpl.pathInForegroundStandard(ExistsBuilderImpl.java:223)
	at org.apache.curator.framework.imps.ExistsBuilderImpl.pathInForeground(ExistsBuilderImpl.java:216)
	at org.apache.curator.framework.imps.ExistsBuilderImpl.forPath(ExistsBuilderImpl.java:175)
	at org.apache.curator.framework.imps.ExistsBuilderImpl.forPath(ExistsBuilderImpl.java:32)
	at com.ltyzzz.core.registry.zookeeper.CuratorZookeeperClient.existNode(CuratorZookeeperClient.java:154)
	at com.ltyzzz.core.registry.zookeeper.ZookeeperRegister.register(ZookeeperRegister.java:48)
	at com.ltyzzz.core.server.Server$2.run(Server.java:175)
	at java.lang.Thread.run(Thread.java:748)
DEBUG Thread-2 org.apache.curator.RetryLoop - Retry-able exception received
org.apache.curator.CuratorConnectionLossException: KeeperErrorCode = ConnectionLoss
	at org.apache.curator.ConnectionState.checkTimeouts(ConnectionState.java:225)
	at org.apache.curator.ConnectionState.getZooKeeper(ConnectionState.java:94)
	at org.apache.curator.CuratorZookeeperClient.getZooKeeper(CuratorZookeeperClient.java:117)
	at org.apache.curator.framework.imps.CuratorFrameworkImpl.getZooKeeper(CuratorFrameworkImpl.java:489)
	at org.apache.curator.framework.imps.ExistsBuilderImpl$3.call(ExistsBuilderImpl.java:237)
	at org.apache.curator.framework.imps.ExistsBuilderImpl$3.call(ExistsBuilderImpl.java:226)
	at org.apache.curator.RetryLoop.callWithRetry(RetryLoop.java:109)
	at org.apache.curator.framework.imps.ExistsBuilderImpl.pathInForegroundStandard(ExistsBuilderImpl.java:223)
	at org.apache.curator.framework.imps.ExistsBuilderImpl.pathInForeground(ExistsBuilderImpl.java:216)
	at org.apache.curator.framework.imps.ExistsBuilderImpl.forPath(ExistsBuilderImpl.java:175)
	at org.apache.curator.framework.imps.ExistsBuilderImpl.forPath(ExistsBuilderImpl.java:32)
	at com.ltyzzz.core.registry.zookeeper.CuratorZookeeperClient.existNode(CuratorZookeeperClient.java:154)
	at com.ltyzzz.core.registry.zookeeper.ZookeeperRegister.register(ZookeeperRegister.java:48)
	at com.ltyzzz.core.server.Server$2.run(Server.java:175)
	at java.lang.Thread.run(Thread.java:748)
DEBUG Thread-2 org.apache.curator.RetryLoop - Retrying operation
INFO main-SendThread(localhost:2181) org.apache.zookeeper.ClientCnxn - Socket error occurred: localhost/0:0:0:0:0:0:0:1:2181: Connection refused: no further information
DEBUG main-SendThread(localhost:2181) org.apache.zookeeper.ClientCnxnSocketNIO - Ignoring exception during shutdown input
java.nio.channels.ClosedChannelException
	at sun.nio.ch.SocketChannelImpl.shutdownInput(SocketChannelImpl.java:778)
	at sun.nio.ch.SocketAdaptor.shutdownInput(SocketAdaptor.java:399)
	at org.apache.zookeeper.ClientCnxnSocketNIO.cleanup(ClientCnxnSocketNIO.java:200)
	at org.apache.zookeeper.ClientCnxn$SendThread.cleanup(ClientCnxn.java:1246)
	at org.apache.zookeeper.ClientCnxn$SendThread.run(ClientCnxn.java:1170)
DEBUG main-SendThread(localhost:2181) org.apache.zookeeper.ClientCnxnSocketNIO - Ignoring exception during shutdown output
java.nio.channels.ClosedChannelException
	at sun.nio.ch.SocketChannelImpl.shutdownOutput(SocketChannelImpl.java:795)
	at sun.nio.ch.SocketAdaptor.shutdownOutput(SocketAdaptor.java:407)
	at org.apache.zookeeper.ClientCnxnSocketNIO.cleanup(ClientCnxnSocketNIO.java:207)
	at org.apache.zookeeper.ClientCnxn$SendThread.cleanup(ClientCnxn.java:1246)
	at org.apache.zookeeper.ClientCnxn$SendThread.run(ClientCnxn.java:1170)
DEBUG main-SendThread(localhost:2181) org.apache.zookeeper.SaslServerPrincipal - Canonicalized address to localhost
INFO main-SendThread(localhost:2181) org.apache.zookeeper.ClientCnxn - Opening socket connection to server localhost/127.0.0.1:2181. Will not attempt to authenticate using SASL (unknown error)
INFO main-SendThread(localhost:2181) org.apache.zookeeper.ClientCnxn - Socket error occurred: localhost/127.0.0.1:2181: Connection refused: no further information
DEBUG main-SendThread(localhost:2181) org.apache.zookeeper.ClientCnxnSocketNIO - Ignoring exception during shutdown input
java.nio.channels.ClosedChannelException
	at sun.nio.ch.SocketChannelImpl.shutdownInput(SocketChannelImpl.java:778)
	at sun.nio.ch.SocketAdaptor.shutdownInput(SocketAdaptor.java:399)
	at org.apache.zookeeper.ClientCnxnSocketNIO.cleanup(ClientCnxnSocketNIO.java:200)
	at org.apache.zookeeper.ClientCnxn$SendThread.cleanup(ClientCnxn.java:1246)
	at org.apache.zookeeper.ClientCnxn$SendThread.run(ClientCnxn.java:1170)
DEBUG main-SendThread(localhost:2181) org.apache.zookeeper.ClientCnxnSocketNIO - Ignoring exception during shutdown output
java.nio.channels.ClosedChannelException
	at sun.nio.ch.SocketChannelImpl.shutdownOutput(SocketChannelImpl.java:795)
	at sun.nio.ch.SocketAdaptor.shutdownOutput(SocketAdaptor.java:407)
	at org.apache.zookeeper.ClientCnxnSocketNIO.cleanup(ClientCnxnSocketNIO.java:207)
	at org.apache.zookeeper.ClientCnxn$SendThread.cleanup(ClientCnxn.java:1246)
	at org.apache.zookeeper.ClientCnxn$SendThread.run(ClientCnxn.java:1170)
DEBUG main-SendThread(localhost:2181) org.apache.zookeeper.SaslServerPrincipal - Canonicalized address to localhost
INFO main-SendThread(localhost:2181) org.apache.zookeeper.ClientCnxn - Opening socket connection to server localhost/127.0.0.1:2181. Will not attempt to authenticate using SASL (unknown error)
INFO main-SendThread(localhost:2181) org.apache.zookeeper.ClientCnxn - Socket error occurred: localhost/127.0.0.1:2181: Connection refused: no further information
DEBUG main-SendThread(localhost:2181) org.apache.zookeeper.ClientCnxnSocketNIO - Ignoring exception during shutdown input
java.nio.channels.ClosedChannelException
	at sun.nio.ch.SocketChannelImpl.shutdownInput(SocketChannelImpl.java:778)
	at sun.nio.ch.SocketAdaptor.shutdownInput(SocketAdaptor.java:399)
	at org.apache.zookeeper.ClientCnxnSocketNIO.cleanup(ClientCnxnSocketNIO.java:200)
	at org.apache.zookeeper.ClientCnxn$SendThread.cleanup(ClientCnxn.java:1246)
	at org.apache.zookeeper.ClientCnxn$SendThread.run(ClientCnxn.java:1170)
DEBUG main-SendThread(localhost:2181) org.apache.zookeeper.ClientCnxnSocketNIO - Ignoring exception during shutdown output
java.nio.channels.ClosedChannelException
	at sun.nio.ch.SocketChannelImpl.shutdownOutput(SocketChannelImpl.java:795)
	at sun.nio.ch.SocketAdaptor.shutdownOutput(SocketAdaptor.java:407)
	at org.apache.zookeeper.ClientCnxnSocketNIO.cleanup(ClientCnxnSocketNIO.java:207)
	at org.apache.zookeeper.ClientCnxn$SendThread.cleanup(ClientCnxn.java:1246)
	at org.apache.zookeeper.ClientCnxn$SendThread.run(ClientCnxn.java:1170)
DEBUG main-SendThread(localhost:2181) org.apache.zookeeper.SaslServerPrincipal - Canonicalized address to localhost
INFO main-SendThread(localhost:2181) org.apache.zookeeper.ClientCnxn - Opening socket connection to server localhost/0:0:0:0:0:0:0:1:2181. Will not attempt to authenticate using SASL (unknown error)
INFO main-SendThread(localhost:2181) org.apache.zookeeper.ClientCnxn - Socket error occurred: localhost/0:0:0:0:0:0:0:1:2181: Connection refused: no further information
DEBUG main-SendThread(localhost:2181) org.apache.zookeeper.ClientCnxnSocketNIO - Ignoring exception during shutdown input
java.nio.channels.ClosedChannelException
	at sun.nio.ch.SocketChannelImpl.shutdownInput(SocketChannelImpl.java:778)
	at sun.nio.ch.SocketAdaptor.shutdownInput(SocketAdaptor.java:399)
	at org.apache.zookeeper.ClientCnxnSocketNIO.cleanup(ClientCnxnSocketNIO.java:200)
	at org.apache.zookeeper.ClientCnxn$SendThread.cleanup(ClientCnxn.java:1246)
	at org.apache.zookeeper.ClientCnxn$SendThread.run(ClientCnxn.java:1170)
DEBUG main-SendThread(localhost:2181) org.apache.zookeeper.ClientCnxnSocketNIO - Ignoring exception during shutdown output
java.nio.channels.ClosedChannelException
	at sun.nio.ch.SocketChannelImpl.shutdownOutput(SocketChannelImpl.java:795)
	at sun.nio.ch.SocketAdaptor.shutdownOutput(SocketAdaptor.java:407)
	at org.apache.zookeeper.ClientCnxnSocketNIO.cleanup(ClientCnxnSocketNIO.java:207)
	at org.apache.zookeeper.ClientCnxn$SendThread.cleanup(ClientCnxn.java:1246)
	at org.apache.zookeeper.ClientCnxn$SendThread.run(ClientCnxn.java:1170)
DEBUG main-SendThread(localhost:2181) org.apache.zookeeper.SaslServerPrincipal - Canonicalized address to localhost
INFO main-SendThread(localhost:2181) org.apache.zookeeper.ClientCnxn - Opening socket connection to server localhost/127.0.0.1:2181. Will not attempt to authenticate using SASL (unknown error)
INFO main-SendThread(localhost:2181) org.apache.zookeeper.ClientCnxn - Socket error occurred: localhost/127.0.0.1:2181: Connection refused: no further information
DEBUG main-SendThread(localhost:2181) org.apache.zookeeper.ClientCnxnSocketNIO - Ignoring exception during shutdown input
java.nio.channels.ClosedChannelException
	at sun.nio.ch.SocketChannelImpl.shutdownInput(SocketChannelImpl.java:778)
	at sun.nio.ch.SocketAdaptor.shutdownInput(SocketAdaptor.java:399)
	at org.apache.zookeeper.ClientCnxnSocketNIO.cleanup(ClientCnxnSocketNIO.java:200)
	at org.apache.zookeeper.ClientCnxn$SendThread.cleanup(ClientCnxn.java:1246)
	at org.apache.zookeeper.ClientCnxn$SendThread.run(ClientCnxn.java:1170)
DEBUG main-SendThread(localhost:2181) org.apache.zookeeper.ClientCnxnSocketNIO - Ignoring exception during shutdown output
java.nio.channels.ClosedChannelException
	at sun.nio.ch.SocketChannelImpl.shutdownOutput(SocketChannelImpl.java:795)
	at sun.nio.ch.SocketAdaptor.shutdownOutput(SocketAdaptor.java:407)
	at org.apache.zookeeper.ClientCnxnSocketNIO.cleanup(ClientCnxnSocketNIO.java:207)
	at org.apache.zookeeper.ClientCnxn$SendThread.cleanup(ClientCnxn.java:1246)
	at org.apache.zookeeper.ClientCnxn$SendThread.run(ClientCnxn.java:1170)
DEBUG main-SendThread(localhost:2181) org.apache.zookeeper.SaslServerPrincipal - Canonicalized address to localhost
INFO main-SendThread(localhost:2181) org.apache.zookeeper.ClientCnxn - Opening socket connection to server localhost/127.0.0.1:2181. Will not attempt to authenticate using SASL (unknown error)
ERROR Thread-2 org.apache.curator.ConnectionState - Connection timed out for connection string (localhost:2181) and timeout (15000) / elapsed (36477)
org.apache.curator.CuratorConnectionLossException: KeeperErrorCode = ConnectionLoss
	at org.apache.curator.ConnectionState.checkTimeouts(ConnectionState.java:225)
	at org.apache.curator.ConnectionState.getZooKeeper(ConnectionState.java:94)
	at org.apache.curator.CuratorZookeeperClient.getZooKeeper(CuratorZookeeperClient.java:117)
	at org.apache.curator.framework.imps.CuratorFrameworkImpl.getZooKeeper(CuratorFrameworkImpl.java:489)
	at org.apache.curator.framework.imps.ExistsBuilderImpl$3.call(ExistsBuilderImpl.java:237)
	at org.apache.curator.framework.imps.ExistsBuilderImpl$3.call(ExistsBuilderImpl.java:226)
	at org.apache.curator.RetryLoop.callWithRetry(RetryLoop.java:109)
	at org.apache.curator.framework.imps.ExistsBuilderImpl.pathInForegroundStandard(ExistsBuilderImpl.java:223)
	at org.apache.curator.framework.imps.ExistsBuilderImpl.pathInForeground(ExistsBuilderImpl.java:216)
	at org.apache.curator.framework.imps.ExistsBuilderImpl.forPath(ExistsBuilderImpl.java:175)
	at org.apache.curator.framework.imps.ExistsBuilderImpl.forPath(ExistsBuilderImpl.java:32)
	at com.ltyzzz.core.registry.zookeeper.CuratorZookeeperClient.existNode(CuratorZookeeperClient.java:154)
	at com.ltyzzz.core.registry.zookeeper.ZookeeperRegister.register(ZookeeperRegister.java:48)
	at com.ltyzzz.core.server.Server$2.run(Server.java:175)
	at java.lang.Thread.run(Thread.java:748)
DEBUG Thread-2 org.apache.curator.RetryLoop - Retry-able exception received
org.apache.curator.CuratorConnectionLossException: KeeperErrorCode = ConnectionLoss
	at org.apache.curator.ConnectionState.checkTimeouts(ConnectionState.java:225)
	at org.apache.curator.ConnectionState.getZooKeeper(ConnectionState.java:94)
	at org.apache.curator.CuratorZookeeperClient.getZooKeeper(CuratorZookeeperClient.java:117)
	at org.apache.curator.framework.imps.CuratorFrameworkImpl.getZooKeeper(CuratorFrameworkImpl.java:489)
	at org.apache.curator.framework.imps.ExistsBuilderImpl$3.call(ExistsBuilderImpl.java:237)
	at org.apache.curator.framework.imps.ExistsBuilderImpl$3.call(ExistsBuilderImpl.java:226)
	at org.apache.curator.RetryLoop.callWithRetry(RetryLoop.java:109)
	at org.apache.curator.framework.imps.ExistsBuilderImpl.pathInForegroundStandard(ExistsBuilderImpl.java:223)
	at org.apache.curator.framework.imps.ExistsBuilderImpl.pathInForeground(ExistsBuilderImpl.java:216)
	at org.apache.curator.framework.imps.ExistsBuilderImpl.forPath(ExistsBuilderImpl.java:175)
	at org.apache.curator.framework.imps.ExistsBuilderImpl.forPath(ExistsBuilderImpl.java:32)
	at com.ltyzzz.core.registry.zookeeper.CuratorZookeeperClient.existNode(CuratorZookeeperClient.java:154)
	at com.ltyzzz.core.registry.zookeeper.ZookeeperRegister.register(ZookeeperRegister.java:48)
	at com.ltyzzz.core.server.Server$2.run(Server.java:175)
	at java.lang.Thread.run(Thread.java:748)
INFO main-SendThread(localhost:2181) org.apache.zookeeper.ClientCnxn - Socket error occurred: localhost/127.0.0.1:2181: Connection refused: no further information
DEBUG main-SendThread(localhost:2181) org.apache.zookeeper.ClientCnxnSocketNIO - Ignoring exception during shutdown input
java.nio.channels.ClosedChannelException
	at sun.nio.ch.SocketChannelImpl.shutdownInput(SocketChannelImpl.java:778)
	at sun.nio.ch.SocketAdaptor.shutdownInput(SocketAdaptor.java:399)
	at org.apache.zookeeper.ClientCnxnSocketNIO.cleanup(ClientCnxnSocketNIO.java:200)
	at org.apache.zookeeper.ClientCnxn$SendThread.cleanup(ClientCnxn.java:1246)
	at org.apache.zookeeper.ClientCnxn$SendThread.run(ClientCnxn.java:1170)
DEBUG main-SendThread(localhost:2181) org.apache.zookeeper.ClientCnxnSocketNIO - Ignoring exception during shutdown output
java.nio.channels.ClosedChannelException
	at sun.nio.ch.SocketChannelImpl.shutdownOutput(SocketChannelImpl.java:795)
	at sun.nio.ch.SocketAdaptor.shutdownOutput(SocketAdaptor.java:407)
	at org.apache.zookeeper.ClientCnxnSocketNIO.cleanup(ClientCnxnSocketNIO.java:207)
	at org.apache.zookeeper.ClientCnxn$SendThread.cleanup(ClientCnxn.java:1246)
	at org.apache.zookeeper.ClientCnxn$SendThread.run(ClientCnxn.java:1170)
DEBUG main io.netty.util.internal.logging.InternalLoggerFactory - Using SLF4J as the default logging framework
DEBUG main io.netty.util.internal.PlatformDependent0 - java.nio.Buffer.address: available
DEBUG main io.netty.util.internal.PlatformDependent0 - sun.misc.Unsafe.theUnsafe: available
DEBUG main io.netty.util.internal.PlatformDependent0 - sun.misc.Unsafe.copyMemory: available
DEBUG main io.netty.util.internal.PlatformDependent0 - direct buffer constructor: available
DEBUG main io.netty.util.internal.PlatformDependent0 - java.nio.Bits.unaligned: available, true
DEBUG main io.netty.util.internal.PlatformDependent0 - java.nio.DirectByteBuffer.<init>(long, int): available
DEBUG main io.netty.util.internal.Cleaner0 - java.nio.ByteBuffer.cleaner(): available
DEBUG main io.netty.util.internal.PlatformDependent - Platform: Windows
DEBUG main io.netty.util.internal.PlatformDependent - Java version: 8
DEBUG main io.netty.util.internal.PlatformDependent - -Dio.netty.noUnsafe: false
DEBUG main io.netty.util.internal.PlatformDependent - sun.misc.Unsafe: available
DEBUG main io.netty.util.internal.PlatformDependent - -Dio.netty.noJavassist: false
DEBUG main io.netty.util.internal.PlatformDependent - Javassist: available
DEBUG main io.netty.util.internal.PlatformDependent - -Dio.netty.tmpdir: C:\Users\jianyang\AppData\Local\Temp (java.io.tmpdir)
DEBUG main io.netty.util.internal.PlatformDependent - -Dio.netty.bitMode: 64 (sun.arch.data.model)
DEBUG main io.netty.util.internal.PlatformDependent - -Dio.netty.noPreferDirect: false
DEBUG main io.netty.util.internal.PlatformDependent - io.netty.maxDirectMemory: 3666870272 bytes
INFO main org.apache.curator.framework.imps.CuratorFrameworkImpl - Starting
DEBUG main org.apache.curator.CuratorZookeeperClient - Starting
DEBUG main org.apache.curator.ConnectionState - Starting
DEBUG main org.apache.curator.ConnectionState - reset
INFO main org.apache.zookeeper.ZooKeeper - Client environment:zookeeper.version=3.4.14-4c25d480e66aadd371de8bd2fd8da255ac140bcf, built on 03/06/2019 16:18 GMT
INFO main org.apache.zookeeper.ZooKeeper - Client environment:host.name=IU.mshome.net
INFO main org.apache.zookeeper.ZooKeeper - Client environment:java.version=1.8.0_281
INFO main org.apache.zookeeper.ZooKeeper - Client environment:java.vendor=Oracle Corporation
INFO main org.apache.zookeeper.ZooKeeper - Client environment:java.home=D:\software\jdk1.8.0_281\jre
INFO main org.apache.zookeeper.ZooKeeper - Client environment:java.class.path=D:\software\jdk1.8.0_281\jre\lib\charsets.jar;D:\software\jdk1.8.0_281\jre\lib\deploy.jar;D:\software\jdk1.8.0_281\jre\lib\ext\access-bridge-64.jar;D:\software\jdk1.8.0_281\jre\lib\ext\cldrdata.jar;D:\software\jdk1.8.0_281\jre\lib\ext\dnsns.jar;D:\software\jdk1.8.0_281\jre\lib\ext\jaccess.jar;D:\software\jdk1.8.0_281\jre\lib\ext\jfxrt.jar;D:\software\jdk1.8.0_281\jre\lib\ext\localedata.jar;D:\software\jdk1.8.0_281\jre\lib\ext\nashorn.jar;D:\software\jdk1.8.0_281\jre\lib\ext\sunec.jar;D:\software\jdk1.8.0_281\jre\lib\ext\sunjce_provider.jar;D:\software\jdk1.8.0_281\jre\lib\ext\sunmscapi.jar;D:\software\jdk1.8.0_281\jre\lib\ext\sunpkcs11.jar;D:\software\jdk1.8.0_281\jre\lib\ext\zipfs.jar;D:\software\jdk1.8.0_281\jre\lib\javaws.jar;D:\software\jdk1.8.0_281\jre\lib\jce.jar;D:\software\jdk1.8.0_281\jre\lib\jfr.jar;D:\software\jdk1.8.0_281\jre\lib\jfxswt.jar;D:\software\jdk1.8.0_281\jre\lib\jsse.jar;D:\software\jdk1.8.0_281\jre\lib\management-agent.jar;D:\software\jdk1.8.0_281\jre\lib\plugin.jar;D:\software\jdk1.8.0_281\jre\lib\resources.jar;D:\software\jdk1.8.0_281\jre\lib\rt.jar;E:\code\ltyzzz-rpc-master\rpc-provider\rpc-provider-demo\target\classes;E:\code\ltyzzz-rpc-master\rpc-core\target\classes;E:\code\ltyzzz-rpc-master\rpc-interface\target\classes;D:\software\repository\maven_repository\com\esotericsoftware\kryo-shaded\3.0.3\kryo-shaded-3.0.3.jar;D:\software\repository\maven_repository\com\esotericsoftware\minlog\1.3.0\minlog-1.3.0.jar;D:\software\repository\maven_repository\org\objenesis\objenesis\2.1\objenesis-2.1.jar;D:\software\repository\maven_repository\com\caucho\hessian\4.0.62\hessian-4.0.62.jar;D:\software\repository\maven_repository\org\apache\curator\curator-framework\2.12.0\curator-framework-2.12.0.jar;D:\software\repository\maven_repository\org\apache\curator\curator-client\2.12.0\curator-client-2.12.0.jar;D:\software\repository\maven_repository\org\apache\zookeeper\zookeeper\3.4.14\zookeeper-3.4.14.jar;D:\software\repository\maven_repository\org\slf4j\slf4j-log4j12\1.7.25\slf4j-log4j12-1.7.25.jar;D:\software\repository\maven_repository\com\github\spotbugs\spotbugs-annotations\3.1.9\spotbugs-annotations-3.1.9.jar;D:\software\repository\maven_repository\log4j\log4j\1.2.17\log4j-1.2.17.jar;D:\software\repository\maven_repository\jline\jline\0.9.94\jline-0.9.94.jar;D:\software\repository\maven_repository\org\apache\yetus\audience-annotations\0.5.0\audience-annotations-0.5.0.jar;D:\software\repository\maven_repository\io\netty\netty\3.10.6.Final\netty-3.10.6.Final.jar;D:\software\repository\maven_repository\com\101tec\zkclient\0.7\zkclient-0.7.jar;D:\software\repository\maven_repository\org\javassist\javassist\3.21.0-GA\javassist-3.21.0-GA.jar;D:\software\repository\maven_repository\io\netty\netty-all\4.1.6.Final\netty-all-4.1.6.Final.jar;D:\software\repository\maven_repository\org\slf4j\slf4j-api\1.7.13\slf4j-api-1.7.13.jar;D:\software\repository\maven_repository\com\alibaba\fastjson\1.2.29\fastjson-1.2.29.jar;D:\software\repository\maven_repository\org\jboss\marshalling\jboss-marshalling-river\1.4.11.Final\jboss-marshalling-river-1.4.11.Final.jar;D:\software\repository\maven_repository\org\jboss\marshalling\jboss-marshalling\1.4.11.Final\jboss-marshalling-1.4.11.Final.jar;D:\software\repository\maven_repository\org\jboss\marshalling\jboss-marshalling-serial\1.4.11.Final\jboss-marshalling-serial-1.4.11.Final.jar;E:\code\ltyzzz-rpc-master\rpc-spring-starter\target\classes;D:\software\repository\maven_repository\org\springframework\boot\spring-boot-starter-web\2.1.13.RELEASE\spring-boot-starter-web-2.1.13.RELEASE.jar;D:\software\repository\maven_repository\org\springframework\boot\spring-boot-starter\2.1.13.RELEASE\spring-boot-starter-2.1.13.RELEASE.jar;D:\software\repository\maven_repository\org\springframework\boot\spring-boot\2.1.13.RELEASE\spring-boot-2.1.13.RELEASE.jar;D:\software\repository\maven_repository\org\springframework\boot\spring-boot-autoconfigure\2.1.13.RELEASE\spring-boot-autoconfigure-2.1.13.RELEASE.jar;D:\software\repository\maven_repository\org\springframework\boot\spring-boot-starter-logging\2.1.13.RELEASE\spring-boot-starter-logging-2.1.13.RELEASE.jar;D:\software\repository\maven_repository\org\apache\logging\log4j\log4j-to-slf4j\2.11.2\log4j-to-slf4j-2.11.2.jar;D:\software\repository\maven_repository\org\apache\logging\log4j\log4j-api\2.11.2\log4j-api-2.11.2.jar;D:\software\repository\maven_repository\org\slf4j\jul-to-slf4j\1.7.30\jul-to-slf4j-1.7.30.jar;D:\software\repository\maven_repository\javax\annotation\javax.annotation-api\1.3.2\javax.annotation-api-1.3.2.jar;D:\software\repository\maven_repository\org\springframework\spring-core\5.1.14.RELEASE\spring-core-5.1.14.RELEASE.jar;D:\software\repository\maven_repository\org\springframework\spring-jcl\5.1.14.RELEASE\spring-jcl-5.1.14.RELEASE.jar;D:\software\repository\maven_repository\org\yaml\snakeyaml\1.23\snakeyaml-1.23.jar;D:\software\repository\maven_repository\org\springframework\boot\spring-boot-starter-json\2.1.13.RELEASE\spring-boot-starter-json-2.1.13.RELEASE.jar;D:\software\repository\maven_repository\com\fasterxml\jackson\core\jackson-databind\2.9.10.3\jackson-databind-2.9.10.3.jar;D:\software\repository\maven_repository\com\fasterxml\jackson\core\jackson-annotations\2.9.10\jackson-annotations-2.9.10.jar;D:\software\repository\maven_repository\com\fasterxml\jackson\core\jackson-core\2.9.10\jackson-core-2.9.10.jar;D:\software\repository\maven_repository\com\fasterxml\jackson\datatype\jackson-datatype-jdk8\2.9.10\jackson-datatype-jdk8-2.9.10.jar;D:\software\repository\maven_repository\com\fasterxml\jackson\datatype\jackson-datatype-jsr310\2.9.10\jackson-datatype-jsr310-2.9.10.jar;D:\software\repository\maven_repository\com\fasterxml\jackson\module\jackson-module-parameter-names\2.9.10\jackson-module-parameter-names-2.9.10.jar;D:\software\repository\maven_repository\org\springframework\boot\spring-boot-starter-tomcat\2.1.13.RELEASE\spring-boot-starter-tomcat-2.1.13.RELEASE.jar;D:\software\repository\maven_repository\org\apache\tomcat\embed\tomcat-embed-core\9.0.31\tomcat-embed-core-9.0.31.jar;D:\software\repository\maven_repository\org\apache\tomcat\embed\tomcat-embed-el\9.0.31\tomcat-embed-el-9.0.31.jar;D:\software\repository\maven_repository\org\apache\tomcat\embed\tomcat-embed-websocket\9.0.31\tomcat-embed-websocket-9.0.31.jar;D:\software\repository\maven_repository\org\hibernate\validator\hibernate-validator\6.0.18.Final\hibernate-validator-6.0.18.Final.jar;D:\software\repository\maven_repository\javax\validation\validation-api\2.0.1.Final\validation-api-2.0.1.Final.jar;D:\software\repository\maven_repository\org\jboss\logging\jboss-logging\3.3.2.Final\jboss-logging-3.3.2.Final.jar;D:\software\repository\maven_repository\com\fasterxml\classmate\1.3.4\classmate-1.3.4.jar;D:\software\repository\maven_repository\org\springframework\spring-web\5.1.14.RELEASE\spring-web-5.1.14.RELEASE.jar;D:\software\repository\maven_repository\org\springframework\spring-beans\5.1.14.RELEASE\spring-beans-5.1.14.RELEASE.jar;D:\software\repository\maven_repository\org\springframework\spring-webmvc\5.1.14.RELEASE\spring-webmvc-5.1.14.RELEASE.jar;D:\software\repository\maven_repository\org\springframework\spring-aop\5.1.14.RELEASE\spring-aop-5.1.14.RELEASE.jar;D:\software\repository\maven_repository\org\springframework\spring-context\5.1.14.RELEASE\spring-context-5.1.14.RELEASE.jar;D:\software\repository\maven_repository\org\springframework\spring-expression\5.1.14.RELEASE\spring-expression-5.1.14.RELEASE.jar;D:\software\repository\maven_repository\com\google\guava\guava\30.1.1-jre\guava-30.1.1-jre.jar;D:\software\repository\maven_repository\com\google\guava\failureaccess\1.0.1\failureaccess-1.0.1.jar;D:\software\repository\maven_repository\com\google\guava\listenablefuture\9999.0-empty-to-avoid-conflict-with-guava\listenablefuture-9999.0-empty-to-avoid-conflict-with-guava.jar;D:\software\repository\maven_repository\com\google\code\findbugs\jsr305\3.0.2\jsr305-3.0.2.jar;D:\software\repository\maven_repository\org\checkerframework\checker-qual\3.8.0\checker-qual-3.8.0.jar;D:\software\repository\maven_repository\com\google\errorprone\error_prone_annotations\2.5.1\error_prone_annotations-2.5.1.jar;D:\software\repository\maven_repository\com\google\j2objc\j2objc-annotations\1.3\j2objc-annotations-1.3.jar;D:\software\repository\maven_repository\org\slf4j\slf4j-simple\1.7.25\slf4j-simple-1.7.25.jar;E:\IntelliJ IDEA 2020.1.1\lib\idea_rt.jar;C:\Users\jianyang\AppData\Local\JetBrains\IntelliJIdea2020.1\captureAgent\debugger-agent.jar
INFO main org.apache.zookeeper.ZooKeeper - Client environment:java.library.path=D:\software\jdk1.8.0_281\bin;C:\WINDOWS\Sun\Java\bin;C:\WINDOWS\system32;C:\WINDOWS;E:\中软实训\bin\;C:\Program Files (x86)\Common Files\Oracle\Java\javapath;C:\Program Files\Common Files\Oracle\Java\javapath;C:\Program Files\Microsoft MPI\Bin\;C:\WINDOWS\system32;C:\WINDOWS;C:\WINDOWS\System32\Wbem;C:\WINDOWS\System32\WindowsPowerShell\v1.0\;C:\WINDOWS\System32\OpenSSH\;C:\Program Files\Microsoft SQL Server\110\Tools\Binn\;C:\Program Files (x86)\Microsoft SDKs\TypeScript\1.0\;C:\Program Files\Microsoft SQL Server\120\Tools\Binn\;C:\Program Files\Microsoft SQL Server\130\Tools\Binn\;C:\Program Files (x86)\Microsoft SQL Server\100\Tools\Binn\;C:\Program Files\Microsoft SQL Server\100\Tools\Binn\;C:\Program Files\Microsoft SQL Server\100\DTS\Binn\;C:\Program Files (x86)\Microsoft SQL Server\100\Tools\Binn\VSShell\Common7\IDE\;C:\Program Files (x86)\Microsoft Visual Studio 9.0\Common7\IDE\PrivateAssemblies\;C:\Program Files (x86)\Microsoft SQL Server\100\DTS\Binn\;C:\Program Files\dotnet\;C:\Program Files\Microsoft SQL Server\Client SDK\ODBC\170\Tools\Binn\;C:\Program Files (x86)\Microsoft SQL Server\140\Tools\Binn\;C:\Program Files\Microsoft SQL Server\140\Tools\Binn\;C:\Program Files (x86)\Microsoft SQL Server\140\DTS\Binn\;C:\Program Files\Microsoft SQL Server\140\DTS\Binn\;C:\Program Files\Microsoft SQL Server\Client SDK\ODBC\130\Tools\Binn\;C:\Program Files (x86)\Microsoft SQL Server\150\DTS\Binn\;C:\Program Files\Azure Data Studio\bin;D:\software\apache-tomcat-8.5.81\lib;D:\software\apache-tomcat-8.5.81\bin;D:\software\jdk1.8.0_281\bin;"D:\software\jdk1.8.0_281\bin;D:\software\jdk1.8.0_281\jre\bin;";D:\software\apache-maven-3.6.3\bin;D:\Git\Git\cmd;D:\software\;E:\RabbitMQ\erlang\erl-23.3\bin;E:\RabbitMQ\rabbitmq\rabbitmq_server-3.8.9\sbin;C:\Users\jianyang\AppData\Roaming\nvm;C:\Program Files\nodejs;C:\Program Files (x86)\NetSarang\Xshell 7\;C:\Users\jianyang\AppData\Local\Microsoft\WindowsApps;C:\Users\jianyang\AppData\Local\Microsoft\WindowsApps;D:\软件\Microsoft VS Code\bin;C:\Users\jianyang\.dotnet\tools;C:\Program Files\Azure Data Studio\bin;C:\Users\jianyang\AppData\Local\GitHubDesktop\bin;D:\迅雷下载\opencv\build\x64\vc14\bin;D:\software\apache-tomcat-8.5.81\bin;D:\software\apache-tomcat-8.5.81\lib;D:\software\jdk1.8.0_281\bin;C:\Users\jianyang\AppData\Roaming\npm;E:\IntelliJ IDEA 2020.1.1\bin;;C:\Users\jianyang\AppData\Roaming\nvm;C:\Program Files\nodejs;.
INFO main org.apache.zookeeper.ZooKeeper - Client environment:java.io.tmpdir=C:\Users\jianyang\AppData\Local\Temp\
INFO main org.apache.zookeeper.ZooKeeper - Client environment:java.compiler=<NA>
INFO main org.apache.zookeeper.ZooKeeper - Client environment:os.name=Windows 10
INFO main org.apache.zookeeper.ZooKeeper - Client environment:os.arch=amd64
INFO main org.apache.zookeeper.ZooKeeper - Client environment:os.version=10.0
INFO main org.apache.zookeeper.ZooKeeper - Client environment:user.name=jianyang
INFO main org.apache.zookeeper.ZooKeeper - Client environment:user.home=C:\Users\jianyang
INFO main org.apache.zookeeper.ZooKeeper - Client environment:user.dir=E:\code\ltyzzz-rpc-master
INFO main org.apache.zookeeper.ZooKeeper - Initiating client connection, connectString=localhost:2181 sessionTimeout=60000 watcher=org.apache.curator.ConnectionState@776aec5c
DEBUG main org.apache.zookeeper.ClientCnxn - zookeeper.disableAutoWatchReset is false
